Release 14.4 - xst P.49d (nt64)
Copyright (c) 1995-2012 Xilinx, Inc.  All rights reserved.
--> Parameter TMPDIR set to xst/projnav.tmp


Total REAL time to Xst completion: 0.00 secs
Total CPU time to Xst completion: 0.59 secs
 
--> Parameter xsthdpdir set to xst


Total REAL time to Xst completion: 0.00 secs
Total CPU time to Xst completion: 0.60 secs
 
--> Reading design: OriginalCPU.prj

TABLE OF CONTENTS
  1) Synthesis Options Summary
  2) HDL Compilation
  3) Design Hierarchy Analysis
  4) HDL Analysis
  5) HDL Synthesis
     5.1) HDL Synthesis Report
  6) Advanced HDL Synthesis
     6.1) Advanced HDL Synthesis Report
  7) Low Level Synthesis
  8) Partition Report
  9) Final Report
	9.1) Device utilization summary
	9.2) Partition Resource Summary
	9.3) TIMING REPORT


=========================================================================
*                      Synthesis Options Summary                        *
=========================================================================
---- Source Parameters
Input File Name                    : "OriginalCPU.prj"
Input Format                       : mixed
Ignore Synthesis Constraint File   : NO

---- Target Parameters
Output File Name                   : "OriginalCPU"
Output Format                      : NGC
Target Device                      : xc3s400-4-pq208

---- Source Options
Top Module Name                    : OriginalCPU
Automatic FSM Extraction           : YES
FSM Encoding Algorithm             : Auto
Safe Implementation                : No
FSM Style                          : LUT
RAM Extraction                     : Yes
RAM Style                          : Auto
ROM Extraction                     : Yes
Mux Style                          : Auto
Decoder Extraction                 : YES
Priority Encoder Extraction        : Yes
Shift Register Extraction          : YES
Logical Shifter Extraction         : YES
XOR Collapsing                     : YES
ROM Style                          : Auto
Mux Extraction                     : Yes
Resource Sharing                   : YES
Asynchronous To Synchronous        : NO
Multiplier Style                   : Auto
Automatic Register Balancing       : No

---- Target Options
Add IO Buffers                     : YES
Global Maximum Fanout              : 100000
Add Generic Clock Buffer(BUFG)     : 8
Register Duplication               : YES
Slice Packing                      : YES
Optimize Instantiated Primitives   : NO
Use Clock Enable                   : Yes
Use Synchronous Set                : Yes
Use Synchronous Reset              : Yes
Pack IO Registers into IOBs        : Auto
Equivalent register Removal        : YES

---- General Options
Optimization Goal                  : Speed
Optimization Effort                : 1
Keep Hierarchy                     : No
Netlist Hierarchy                  : As_Optimized
RTL Output                         : Yes
Global Optimization                : AllClockNets
Read Cores                         : YES
Write Timing Constraints           : NO
Cross Clock Analysis               : NO
Hierarchy Separator                : /
Bus Delimiter                      : <>
Case Specifier                     : Maintain
Slice Utilization Ratio            : 100
BRAM Utilization Ratio             : 100
Verilog 2001                       : YES
Auto BRAM Packing                  : NO
Slice Utilization Ratio Delta      : 5

=========================================================================


=========================================================================
*                          HDL Compilation                              *
=========================================================================
WARNING:HDLParsers:3607 - Unit work/OriginalCPU is now defined in a different file.  It was defined in "C:/ForVHDL/OriginalCPU/OriginalCPU.vhd", and is now defined in "C:/ForVHDL/OriginalCPU_C/OriginalCPU.vhd".
WARNING:HDLParsers:3607 - Unit work/OriginalCPU/Behavioral is now defined in a different file.  It was defined in "C:/ForVHDL/OriginalCPU/OriginalCPU.vhd", and is now defined in "C:/ForVHDL/OriginalCPU_C/OriginalCPU.vhd".
WARNING:HDLParsers:3607 - Unit work/ALU is now defined in a different file.  It was defined in "C:/ForVHDL/OriginalCPU/ALU.vhd", and is now defined in "C:/ForVHDL/OriginalCPU_C/ALU.vhd".
WARNING:HDLParsers:3607 - Unit work/ALU/Behavioral is now defined in a different file.  It was defined in "C:/ForVHDL/OriginalCPU/ALU.vhd", and is now defined in "C:/ForVHDL/OriginalCPU_C/ALU.vhd".
WARNING:HDLParsers:3607 - Unit work/FlagRegistor is now defined in a different file.  It was defined in "C:/ForVHDL/OriginalCPU/FlagRegistor.vhd", and is now defined in "C:/ForVHDL/OriginalCPU_C/FlagRegistor.vhd".
WARNING:HDLParsers:3607 - Unit work/FlagRegistor/Behavioral is now defined in a different file.  It was defined in "C:/ForVHDL/OriginalCPU/FlagRegistor.vhd", and is now defined in "C:/ForVHDL/OriginalCPU_C/FlagRegistor.vhd".
WARNING:HDLParsers:3607 - Unit work/Reg_4bit is now defined in a different file.  It was defined in "C:/ForVHDL/OriginalCPU/Reg_4bit.vhd", and is now defined in "C:/ForVHDL/OriginalCPU_C/Reg_4bit.vhd".
WARNING:HDLParsers:3607 - Unit work/Reg_4bit/Behavioral is now defined in a different file.  It was defined in "C:/ForVHDL/OriginalCPU/Reg_4bit.vhd", and is now defined in "C:/ForVHDL/OriginalCPU_C/Reg_4bit.vhd".
WARNING:HDLParsers:3607 - Unit work/SEL_A is now defined in a different file.  It was defined in "C:/ForVHDL/OriginalCPU/SEL_A.vhd", and is now defined in "C:/ForVHDL/OriginalCPU_C/SEL_A.vhd".
WARNING:HDLParsers:3607 - Unit work/SEL_A/Behavioral is now defined in a different file.  It was defined in "C:/ForVHDL/OriginalCPU/SEL_A.vhd", and is now defined in "C:/ForVHDL/OriginalCPU_C/SEL_A.vhd".
Compiling vhdl file "C:/ForVHDL/OriginalCPU_C/ALU.vhd" in Library work.
Architecture behavioral of Entity alu is up to date.
Compiling vhdl file "C:/ForVHDL/OriginalCPU_C/FlagRegistor.vhd" in Library work.
Architecture behavioral of Entity flagregistor is up to date.
Compiling vhdl file "C:/ForVHDL/OriginalCPU_C/Reg_4bit.vhd" in Library work.
Architecture behavioral of Entity reg_4bit is up to date.
Compiling vhdl file "C:/ForVHDL/OriginalCPU_C/SEL_A.vhd" in Library work.
Architecture behavioral of Entity sel_a is up to date.
Compiling vhdl file "C:/ForVHDL/OriginalCPU_C/OriginalCPU.vhd" in Library work.
Architecture behavioral of Entity originalcpu is up to date.

=========================================================================
*                     Design Hierarchy Analysis                         *
=========================================================================
Analyzing hierarchy for entity <OriginalCPU> in library <work> (architecture <behavioral>).

Analyzing hierarchy for entity <ALU> in library <work> (architecture <behavioral>).

Analyzing hierarchy for entity <FlagRegistor> in library <work> (architecture <behavioral>).

Analyzing hierarchy for entity <Reg_4bit> in library <work> (architecture <behavioral>).

Analyzing hierarchy for entity <SEL_A> in library <work> (architecture <behavioral>).


=========================================================================
*                            HDL Analysis                               *
=========================================================================
Analyzing Entity <OriginalCPU> in library <work> (Architecture <behavioral>).
Entity <OriginalCPU> analyzed. Unit <OriginalCPU> generated.

Analyzing Entity <ALU> in library <work> (Architecture <behavioral>).
WARNING:Xst:1610 - "C:/ForVHDL/OriginalCPU_C/ALU.vhd" line 61: Width mismatch. <ALU_Z> has a width of 5 bits but assigned expression is 9-bit wide.
WARNING:Xst:1610 - "C:/ForVHDL/OriginalCPU_C/ALU.vhd" line 62: Width mismatch. <ALU_Z> has a width of 5 bits but assigned expression is 9-bit wide.
WARNING:Xst:819 - "C:/ForVHDL/OriginalCPU_C/ALU.vhd" line 59: One or more signals are missing in the process sensitivity list. To enable synthesis of FPGA/CPLD hardware, XST will assume that all necessary signals are present in the sensitivity list. Please note that the result of the synthesis may differ from the initial design specification. The missing signals are:
   <ALU_A>, <ALU_B>
Entity <ALU> analyzed. Unit <ALU> generated.

Analyzing Entity <FlagRegistor> in library <work> (Architecture <behavioral>).
Entity <FlagRegistor> analyzed. Unit <FlagRegistor> generated.

Analyzing Entity <Reg_4bit> in library <work> (Architecture <behavioral>).
Entity <Reg_4bit> analyzed. Unit <Reg_4bit> generated.

Analyzing Entity <SEL_A> in library <work> (Architecture <behavioral>).
Entity <SEL_A> analyzed. Unit <SEL_A> generated.


=========================================================================
*                           HDL Synthesis                               *
=========================================================================

Performing bidirectional port resolution...

Synthesizing Unit <ALU>.
    Related source file is "C:/ForVHDL/OriginalCPU_C/ALU.vhd".
    Using one-hot encoding for signal <CRST>.
    Found 8x8-bit ROM for signal <CRST>.
    Found 4-bit comparator greater for signal <ALU_Z$cmp_gt0000> created at line 63.
    Found 1-bit xor2 for signal <ALU_Z$xor0000> created at line 70.
    Found 1-bit xor2 for signal <ALU_Z$xor0001> created at line 70.
    Found 1-bit xor2 for signal <ALU_Z$xor0002> created at line 70.
    Found 1-bit xor2 for signal <ALU_Z$xor0003> created at line 70.
    Summary:
	inferred   1 ROM(s).
	inferred   1 Comparator(s).
Unit <ALU> synthesized.


Synthesizing Unit <FlagRegistor>.
    Related source file is "C:/ForVHDL/OriginalCPU_C/FlagRegistor.vhd".
Unit <FlagRegistor> synthesized.


Synthesizing Unit <Reg_4bit>.
    Related source file is "C:/ForVHDL/OriginalCPU_C/Reg_4bit.vhd".
    Found 4-bit register for signal <TMP>.
    Summary:
	inferred   4 D-type flip-flop(s).
Unit <Reg_4bit> synthesized.


Synthesizing Unit <SEL_A>.
    Related source file is "C:/ForVHDL/OriginalCPU_C/SEL_A.vhd".
Unit <SEL_A> synthesized.


Synthesizing Unit <OriginalCPU>.
    Related source file is "C:/ForVHDL/OriginalCPU_C/OriginalCPU.vhd".
WARNING:Xst:653 - Signal <SEL_Z> is used but never assigned. This sourceless signal will be automatically connected to value 0.
WARNING:Xst:653 - Signal <ONE> is used but never assigned. This sourceless signal will be automatically connected to value 1.
WARNING:Xst:1780 - Signal <NXST> is never used or assigned. This unconnected signal will be trimmed during the optimization process.
WARNING:Xst:1780 - Signal <CRST> is never used or assigned. This unconnected signal will be trimmed during the optimization process.
WARNING:Xst:653 - Signal <BUS_LATCH> is used but never assigned. This sourceless signal will be automatically connected to value 000.
WARNING:Xst:646 - Signal <BUS_IR> is assigned but never used. This unconnected signal will be trimmed during the optimization process.
WARNING:Xst:646 - Signal <BUS_FR> is assigned but never used. This unconnected signal will be trimmed during the optimization process.
WARNING:Xst:653 - Signal <BUS_ALU_Sel> is used but never assigned. This sourceless signal will be automatically connected to value 000.
WARNING:Xst:653 - Signal <BUS_ALU_B> is used but never assigned. This sourceless signal will be automatically connected to value 0000.
Unit <OriginalCPU> synthesized.


=========================================================================
HDL Synthesis Report

Macro Statistics
# ROMs                                                 : 1
 8x8-bit ROM                                           : 1
# Registers                                            : 5
 4-bit register                                        : 5
# Comparators                                          : 1
 4-bit comparator greater                              : 1
# Xors                                                 : 4
 1-bit xor2                                            : 4

=========================================================================

=========================================================================
*                       Advanced HDL Synthesis                          *
=========================================================================

WARNING:Xst:524 - All outputs of the instance <CPU_IR1> of the block <Reg_4bit> are unconnected in block <OriginalCPU>.
   This instance will be removed from the design along with all underlying logic
WARNING:Xst:524 - All outputs of the instance <CPU_IR2> of the block <Reg_4bit> are unconnected in block <OriginalCPU>.
   This instance will be removed from the design along with all underlying logic
WARNING:Xst:1290 - Hierarchical block <COU_FR> is unconnected in block <OriginalCPU>.
   It will be removed from the design.
WARNING:Xst:1290 - Hierarchical block <CPU_A_REG> is unconnected in block <OriginalCPU>.
   It will be removed from the design.
WARNING:Xst:1290 - Hierarchical block <CPU_SEL_A> is unconnected in block <OriginalCPU>.
   It will be removed from the design.
WARNING:Xst:1710 - FF/Latch <TMP_0> (without init value) has a constant value of 0 in block <CPU_O_REG>. This FF/Latch will be trimmed during the optimization process.
WARNING:Xst:1710 - FF/Latch <TMP_1> (without init value) has a constant value of 0 in block <CPU_O_REG>. This FF/Latch will be trimmed during the optimization process.
WARNING:Xst:1710 - FF/Latch <TMP_2> (without init value) has a constant value of 0 in block <CPU_O_REG>. This FF/Latch will be trimmed during the optimization process.
WARNING:Xst:1710 - FF/Latch <TMP_3> (without init value) has a constant value of 0 in block <CPU_O_REG>. This FF/Latch will be trimmed during the optimization process.
WARNING:Xst:1710 - FF/Latch <TMP_0> (without init value) has a constant value of 0 in block <CPU_PC>. This FF/Latch will be trimmed during the optimization process.
WARNING:Xst:1710 - FF/Latch <TMP_1> (without init value) has a constant value of 0 in block <CPU_PC>. This FF/Latch will be trimmed during the optimization process.
WARNING:Xst:1710 - FF/Latch <TMP_2> (without init value) has a constant value of 0 in block <CPU_PC>. This FF/Latch will be trimmed during the optimization process.
WARNING:Xst:1710 - FF/Latch <TMP_3> (without init value) has a constant value of 0 in block <CPU_PC>. This FF/Latch will be trimmed during the optimization process.
WARNING:Xst:1290 - Hierarchical block <CPU_ALU> is unconnected in block <OriginalCPU>.
   It will be removed from the design.

=========================================================================
Advanced HDL Synthesis Report

Macro Statistics
# ROMs                                                 : 1
 8x8-bit ROM                                           : 1
# Registers                                            : 12
 Flip-Flops                                            : 12
# Comparators                                          : 1
 4-bit comparator greater                              : 1
# Xors                                                 : 4
 1-bit xor2                                            : 4

=========================================================================

=========================================================================
*                         Low Level Synthesis                           *
=========================================================================
WARNING:Xst:1989 - Unit <OriginalCPU>: instances <CPU_A_REG>, <CPU_O_REG> of unit <Reg_4bit> are equivalent, second instance is removed
WARNING:Xst:1989 - Unit <OriginalCPU>: instances <CPU_A_REG>, <CPU_PC> of unit <Reg_4bit> are equivalent, second instance is removed
WARNING:Xst:1710 - FF/Latch <CPU_A_REG/TMP_3> (without init value) has a constant value of 0 in block <OriginalCPU>. This FF/Latch will be trimmed during the optimization process.
WARNING:Xst:1895 - Due to other FF/Latch trimming, FF/Latch <CPU_A_REG/TMP_2> (without init value) has a constant value of 0 in block <OriginalCPU>. This FF/Latch will be trimmed during the optimization process.
WARNING:Xst:1895 - Due to other FF/Latch trimming, FF/Latch <CPU_A_REG/TMP_1> (without init value) has a constant value of 0 in block <OriginalCPU>. This FF/Latch will be trimmed during the optimization process.
WARNING:Xst:1895 - Due to other FF/Latch trimming, FF/Latch <CPU_A_REG/TMP_0> (without init value) has a constant value of 0 in block <OriginalCPU>. This FF/Latch will be trimmed during the optimization process.
WARNING:Xst:1899 - Due to constant pushing, all outputs of the instance <CPU_ALU> of the block <ALU> are unconnected in block <OriginalCPU>.
   This instance will be removed from the design along with all underlying logic

Optimizing unit <OriginalCPU> ...

Mapping all equations...
Building and optimizing final netlist ...
Found area constraint ratio of 100 (+ 5) on block OriginalCPU, actual ratio is 0.

Final Macro Processing ...

=========================================================================
Final Register Report

Found no macro
=========================================================================

=========================================================================
*                           Partition Report                            *
=========================================================================

Partition Implementation Status
-------------------------------

  No Partitions were found in this design.

-------------------------------

=========================================================================
*                            Final Report                               *
=========================================================================
Final Results
RTL Top Level Output File Name     : OriginalCPU.ngr
Top Level Output File Name         : OriginalCPU
Output Format                      : NGC
Optimization Goal                  : Speed
Keep Hierarchy                     : No

Design Statistics
# IOs                              : 18

Cell Usage :
# BELS                             : 1
#      GND                         : 1
# IO Buffers                       : 8
#      OBUF                        : 8
=========================================================================

Device utilization summary:
---------------------------

Selected Device : 3s400pq208-4 

 Number of Slices:                        0  out of   3584     0%  
 Number of IOs:                          18
 Number of bonded IOBs:                   8  out of    141     5%  

---------------------------
Partition Resource Summary:
---------------------------

  No Partitions were found in this design.

---------------------------


=========================================================================
TIMING REPORT

NOTE: THESE TIMING NUMBERS ARE ONLY A SYNTHESIS ESTIMATE.
      FOR ACCURATE TIMING INFORMATION PLEASE REFER TO THE TRACE REPORT
      GENERATED AFTER PLACE-and-ROUTE.

Clock Information:
------------------
No clock signals found in this design

Asynchronous Control Signals Information:
----------------------------------------
No asynchronous control signals found in this design

Timing Summary:
---------------
Speed Grade: -4

   Minimum period: No path found
   Minimum input arrival time before clock: No path found
   Maximum output required time after clock: No path found
   Maximum combinational path delay: No path found

Timing Detail:
--------------
All values displayed in nanoseconds (ns)

=========================================================================


Total REAL time to Xst completion: 11.00 secs
Total CPU time to Xst completion: 10.80 secs
 
--> 

Total memory usage is 255356 kilobytes

Number of errors   :    0 (   0 filtered)
Number of warnings :   43 (   0 filtered)
Number of infos    :    0 (   0 filtered)

